C251 COMPILER V5.60.0,  isr                                                                15/03/23  16:03:54  PAGE 1   


C251 COMPILER V5.60.0, COMPILATION OF MODULE isr
OBJECT MODULE PLACED IN .\Out\isr.obj
COMPILER INVOKED BY: C:\Learning\Keil_v5\body\C251\BIN\C251.EXE User\User_c\isr.c XSMALL INTR2 BROWSE INCDIR(.\Lib\libra
                    -ries;.\Lib\seekfree_libraries;.\Lib\seekfree_peripheral;.\User\User_h) DEBUG PRINT(.\Listings\isr.lst) TABS(2) OBJECT(.\
                    -Out\isr.obj) 

stmt  level    source

    1          ///******************************************************************************************************
             -***************
    2          // * COPYRIGHT NOTICE
    3          // * Copyright (c) 2020,逐飞科技
    4          // * All rights reserved.
    5          // * 技术讨论QQ群：一群：179029047(已满)  二群：244861897(已满)  三群：824575535
    6          // *
    7          // * 以下所有内容版权均属逐飞科技所有，未经允许不得用于商业用途，
    8          // * 欢迎各位使用并传播本程序，修改内容时必须保留逐飞科技的版权声明。
    9          // *
   10          // * @file          isr
   11          // * @company       成都逐飞科技有限公司
   12          // * @author        逐飞科技(QQ790875685)
   13          // * @version       查看doc内version文件 版本说明
   14          // * @Software      MDK FOR C251 V5.60
   15          // * @Target core   STC32G12K128
   16          // * @Taobao        https://seekfree.taobao.com/
   17          // * @date          2020-4-14
   18          // ******************************************************************************************************
             -**************/
   19          #include "headfile.h"
   20          
   21          // UART1中断
   22          void UART1_Isr() interrupt 4
   23          {
   24   1          uint8 res;
   25   1          static uint8 dwon_count;
   26   1          if (UART1_GET_TX_FLAG)
   27   1          {
   28   2              UART1_CLEAR_TX_FLAG;
   29   2              busy[1] = 0;
   30   2          }
   31   1          if (UART1_GET_RX_FLAG)
   32   1          {
   33   2              UART1_CLEAR_RX_FLAG;
   34   2              res = SBUF;
   35   2              // 程序自动下载
   36   2              if (res == 0x7F)
   37   2              {
   38   3                  if (dwon_count++ > 20)
   39   3                      IAP_CONTR = 0x60;
   40   3              }
   41   2              else
   42   2              {
   43   3                  dwon_count = 0;
   44   3              }
   45   2          }
   46   1      }
   47          
   48          // UART2中断
   49          void UART2_Isr() interrupt 8
   50          {
   51   1          if (UART2_GET_TX_FLAG)
   52   1          {
   53   2              UART2_CLEAR_TX_FLAG;
   54   2              busy[2] = 0;
   55   2          }
C251 COMPILER V5.60.0,  isr                                                                15/03/23  16:03:54  PAGE 2   

   56   1          if (UART2_GET_RX_FLAG)
   57   1          {
   58   2              UART2_CLEAR_RX_FLAG;
   59   2              // 接收数据寄存器为：S2BUF
   60   2          }
   61   1      }
   62          
   63          // UART3中断
   64          void UART3_Isr() interrupt 17
   65          {
   66   1          if (UART3_GET_TX_FLAG)
   67   1          {
   68   2              UART3_CLEAR_TX_FLAG;
   69   2              busy[3] = 0;
   70   2          }
   71   1          if (UART3_GET_RX_FLAG)
   72   1          {
   73   2              UART3_CLEAR_RX_FLAG;
   74   2              // 接收数据寄存器为：S3BUF
   75   2          }
   76   1      }
   77          
   78          // UART4中断
   79          void UART4_Isr() interrupt 18
   80          {
   81   1          if (UART4_GET_TX_FLAG)
   82   1          {
   83   2              UART4_CLEAR_TX_FLAG;
   84   2              busy[4] = 0;
   85   2          }
   86   1          if (UART4_GET_RX_FLAG)
   87   1          {
   88   2              UART4_CLEAR_RX_FLAG;
   89   2      
   90   2              // 接收数据寄存器为：S4BUF;
   91   2              if (wireless_type == WIRELESS_SI24R1)
   92   2              {
   93   3                  wireless_uart_callback(); // 无线转串口回调函数
   94   3              }
   95   2              else if (wireless_type == WIRELESS_CH9141)
   96   2              {
   97   3                  bluetooth_ch9141_uart_callback(); // 蓝牙转串口回调函数
   98   3              }
   99   2              else if (wireless_type == WIRELESS_CH573)
  100   2              {
  101   3                  wireless_ch573_callback(); // CH573无线模块回调函数
  102   3              }
  103   2          }
  104   1      }
  105          
  106          #define LED P52
  107          void INT0_Isr() interrupt 0
  108          {
  109   1          LED = 0; // 点亮LED
  110   1      }
  111          void INT1_Isr() interrupt 2
  112          {
  113   1      }
  114          void INT2_Isr() interrupt 10
  115          {
  116   1          INT2_CLEAR_FLAG; // 清除中断标志
  117   1      }
  118          void INT3_Isr() interrupt 11
  119          {
  120   1          INT3_CLEAR_FLAG; // 清除中断标志
  121   1      }
C251 COMPILER V5.60.0,  isr                                                                15/03/23  16:03:54  PAGE 3   

  122          
  123          void INT4_Isr() interrupt 16
  124          {
  125   1          INT4_CLEAR_FLAG; // 清除中断标志
  126   1      }
  127          
  128          void TM0_Isr() interrupt 1
  129          {
  130   1      }
  131          void TM1_Isr() interrupt 3
  132          {
  133   1      }
  134          void TM2_Isr() interrupt 12
  135          {
  136   1          TIM2_CLEAR_FLAG; // 清除中断标志
  137   1      }
  138          void TM3_Isr() interrupt 19
  139          {
  140   1          TIM3_CLEAR_FLAG; // 清除中断标志
  141   1      }
  142          
  143          void TM4_Isr() interrupt 20
  144          {
  145   1          TIM4_CLEAR_FLAG; // 清除中断标志
  146   1          //  ccd_collect();   //CCD采集数据
  147   1      }
  148          
  149          // void  INT0_Isr()  interrupt 0;
  150          // void  TM0_Isr()   interrupt 1;
  151          // void  INT1_Isr()  interrupt 2;
  152          // void  TM1_Isr()   interrupt 3;
  153          // void  UART1_Isr() interrupt 4;
  154          // void  ADC_Isr()   interrupt 5;
  155          // void  LVD_Isr()   interrupt 6;
  156          // void  PCA_Isr()   interrupt 7;
  157          // void  UART2_Isr() interrupt 8;
  158          // void  SPI_Isr()   interrupt 9;
  159          // void  INT2_Isr()  interrupt 10;
  160          // void  INT3_Isr()  interrupt 11;
  161          // void  TM2_Isr()   interrupt 12;
  162          // void  INT4_Isr()  interrupt 16;
  163          // void  UART3_Isr() interrupt 17;
  164          // void  UART4_Isr() interrupt 18;
  165          // void  TM3_Isr()   interrupt 19;
  166          // void  TM4_Isr()   interrupt 20;
  167          // void  CMP_Isr()   interrupt 21;
  168          // void  I2C_Isr()   interrupt 24;
  169          // void  USB_Isr()   interrupt 25;
  170          // void  PWM1_Isr()  interrupt 26;
  171          // void  PWM2_Isr()  interrupt 27;


Module Information          Static   Overlayable
------------------------------------------------
  code size            =       326     ------
  ecode size           =    ------     ------
  data size            =    ------     ------
  idata size           =    ------     ------
  pdata size           =    ------     ------
  xdata size           =    ------     ------
  xdata-const size     =    ------     ------
  edata size           =         1     ------
  bit size             =    ------     ------
  ebit size            =    ------     ------
  bitaddressable size  =    ------     ------
  ebitaddressable size =    ------     ------
  far data size        =    ------     ------
C251 COMPILER V5.60.0,  isr                                                                15/03/23  16:03:54  PAGE 4   

  huge data size       =    ------     ------
  const size           =    ------     ------
  hconst size          =    ------     ------
End of Module Information.


C251 COMPILATION COMPLETE.  0 WARNING(S),  0 ERROR(S)
