C251 COMPILER V5.60.0,  main                                                               15/03/23  18:34:47  PAGE 1   


C251 COMPILER V5.60.0, COMPILATION OF MODULE main
OBJECT MODULE PLACED IN .\Out\main.obj
COMPILER INVOKED BY: C:\Learning\Keil_v5\body\C251\BIN\C251.EXE User\User_c\main.c XSMALL INTR2 BROWSE INCDIR(.\Lib\libr
                    -aries;.\Lib\seekfree_libraries;.\Lib\seekfree_peripheral;.\User\User_h) DEBUG PRINT(.\Listings\main.lst) TABS(2) OBJECT(
                    -.\Out\main.obj) 

stmt  level    source

    1          /********************************************************************************************************
             -*************
    2           * COPYRIGHT NOTICE
    3           * Copyright (c) 2020,逐飞科技
    4           * All rights reserved.
    5           * 技术讨论QQ群：一群：179029047(已满)  二群：244861897(已满)  三群：824575535
    6           *
    7           * 以下所有内容版权均属逐飞科技所有，未经允许不得用于商业用途，
    8           * 欢迎各位使用并传播本程序，修改内容时必须保留逐飞科技的版权声明。
    9           *
   10           * @file          main
   11           * @company       成都逐飞科技有限公司
   12           * @author        逐飞科技(QQ790875685)
   13           * @version       查看doc内version文件 版本说明
   14           * @Software    MDK FOR C251 V5.60
   15           * @Target core   STC32G12K128
   16           * @Taobao      https://seekfree.taobao.com/
   17           * @date          2020-12-18
   18           ********************************************************************************************************
             -************/
   19          
   20          #include "headfile.h"
   21          #include "Allinit.h"
   22          
   23          // #include "All_init.h"
   24          
   25          /*
   26           * 系统频率，可查看board.h中的 FOSC 宏定义修改。
   27           * board.h文件中FOSC的值设置为0,则程序自动设置系统频率为33.1776MHZ
   28           * 在board_init中,已经将P54引脚设置为复位
   29           * 如果需要使用P54引脚,可以在board.c文件中的board_init()函数中删除SET_P54_RESRT即可
   30           */
   31          uint16 adc_data[10];
   32          void main()
   33          {
   34   1        DisableGlobalIRQ();
   35   1        board_init(); // 初始化寄存器,勿删除此句代码。
   36   1        ALL_init();
   37   1        // pwm_init(PWMA_CH1P_P60, 10000, 0);
   38   1        // pwm_init(PWMA_CH2P_P62, 10000, 0);
   39   1        // pwm_init(PWMA_CH3P_P64, 10000, 0);
   40   1        // pwm_init(PWMA_CH4P_P66, 10000, 0);
   41   1        EnableGlobalIRQ();
   42   1        while (1)
   43   1        {
   44   2          delay_ms(1000);
   45   2          // P52 = !P52;
   46   2          // pwm_duty(PWMA_CH1P_P60, 0);
   47   2          // pwm_duty(PWMA_CH2P_P62, 1000); // right
   48   2          // pwm_duty(PWMA_CH3P_P64, 0);
   49   2          // pwm_duty(PWMA_CH4P_P66, 1000);
   50   2      
   51   2          adc_data[3] = adc_once(ADC_P00, ADC_12BIT); // 采集一次ADC，精度12位
   52   2          adc_data[4] = adc_once(ADC_P01, ADC_12BIT); // 采集一次ADC，精度12位
   53   2          adc_data[5] = adc_once(ADC_P05, ADC_12BIT); // 采集一次ADC，精度12位
   54   2          adc_data[6] = adc_once(ADC_P06, ADC_12BIT); // 采集一次ADC，精度12位
   55   2          printf("adc_data[3] = %d\r\n", adc_data[3]);
C251 COMPILER V5.60.0,  main                                                               15/03/23  18:34:47  PAGE 2   

   56   2          printf("adc_data[4] = %d\r\n", adc_data[4]);
   57   2          printf("adc_data[5] = %d\r\n", adc_data[5]);
   58   2          printf("adc_data[6] = %d\r\n", adc_data[6]);
   59   2          
   60   2          printf("DG_State.L_yh_real = %d\r\n",dg_state.L_yh_real);
   61   2      
   62   2          delay_ms(1000);
   63   2      
   64   2          printf("SP_R = %d\r\n", speed_now.speed_R);       // 当前
   65   2          printf("SP_RA = %d\r\n", speed_state.Strai_speed_R_ai); // 目标
   66   2          printf("pwm = %d\r\n\r\n", PWM_Motor_R_now);
   67   2      
   68   2        //  printf("P = %f\r\n", pid_motor.p_motor);
   69   2        //  printf("I = %f\r\n", pid_motor.i_motor);
   70   2          //printf("D = %f\r\n\r\n", pid_motor.d_motor);
   71   2      
   72   2          //printf("PWM_L = %d \r\n\r\n", PWM_Motor_L_now);
   73   2        //  printf("PWM_R = %d \r\n\r\n", PWM_Motor_R_now);
   74   2          printf("\r\n\r\n");
   75   2        }
   76   1      }


Module Information          Static   Overlayable
------------------------------------------------
  code size            =       244     ------
  ecode size           =    ------     ------
  data size            =    ------     ------
  idata size           =    ------     ------
  pdata size           =    ------     ------
  xdata size           =    ------     ------
  xdata-const size     =    ------     ------
  edata size           =        20     ------
  bit size             =    ------     ------
  ebit size            =    ------     ------
  bitaddressable size  =    ------     ------
  ebitaddressable size =    ------     ------
  far data size        =    ------     ------
  huge data size       =    ------     ------
  const size           =    ------     ------
  hconst size          =       145     ------
End of Module Information.


C251 COMPILATION COMPLETE.  0 WARNING(S),  0 ERROR(S)
